<?xml version="1.0" encoding="UTF-8"?>
<!-- Generated by org.testng.reporters.JUnitReportReporter -->
<testsuite hostname="LN0C5772E6454B" name="Arquillian1.SearchPageTest" tests="10" failures="0" timestamp="31 Jul 2018 04:24:55 GMT" time="27.979" errors="0">
  <testcase name="googleTest" time="5.725" classname="Arquillian1.SearchPageTest"/>
  <testcase name="googleTest" time="2.524" classname="Arquillian1.SearchPageTest"/>
  <testcase name="googleTest" time="1.681" classname="Arquillian1.SearchPageTest"/>
  <testcase name="googleTest" time="4.279" classname="Arquillian1.SearchPageTest"/>
  <testcase name="googleTest" time="2.629" classname="Arquillian1.SearchPageTest"/>
  <testcase name="googleTest" time="2.316" classname="Arquillian1.SearchPageTest"/>
  <testcase name="googleTest" time="2.008" classname="Arquillian1.SearchPageTest"/>
  <testcase name="googleTest" time="2.080" classname="Arquillian1.SearchPageTest"/>
  <testcase name="googleTest" time="2.344" classname="Arquillian1.SearchPageTest"/>
  <testcase name="googleTest" time="2.393" classname="Arquillian1.SearchPageTest"/>
</testsuite> <!-- Arquillian1.SearchPageTest -->
